Subject: Opportunity for your field in Software
Hi annamalai,

We thought you might be interested in ...
---
Subject: Opportunity for your field in Software
Hi annamalai,

We thought you might be interested in ...
---
Subject: Opportunity for your field in Software
Hi annamalai,

We thought you might be interested in ...
---
Subject: Opportunity for your field in Software
Hi annamalai,

We thought you might be interested in ...
---
Subject: Opportunity for IT in Software
Hi QA,

We thought you might be interested in ...
---
Subject: Opportunity for IT in Software
Hi QA,

We thought you might be interested in ...
---
